2023-08-27 22:44:24.859  INFO 90048 --- [restartedMain] s.n.e.springdemo.SpringDemoApplication   : Starting SpringDemoApplication using Java 17.0.8 on RJ with PID 90048 (/home/regino_deang/testingfolder/spring-demo/target/classes started by regino_deang in /home/regino_deang/testingfolder/spring-demo)
2023-08-27 22:44:24.859  INFO 90048 --- [restartedMain] s.n.e.springdemo.SpringDemoApplication   : No active profile set, falling back to 1 default profile: "default"
2023-08-27 22:44:24.969  INFO 90048 --- [restartedMain] o.s.b.w.embedded.tomcat.TomcatWebServer  : Tomcat initialized with port(s): 8080 (http)
2023-08-27 22:44:24.970  INFO 90048 --- [restartedMain] o.apache.catalina.core.StandardService   : Starting service [Tomcat]
2023-08-27 22:44:24.970  INFO 90048 --- [restartedMain] org.apache.catalina.core.StandardEngine  : Starting Servlet engine: [Apache Tomcat/9.0.78]
2023-08-27 22:44:24.975  INFO 90048 --- [restartedMain] o.a.c.c.C.[Tomcat].[localhost].[/]       : Initializing Spring embedded WebApplicationContext
2023-08-27 22:44:24.975  INFO 90048 --- [restartedMain] w.s.c.ServletWebServerApplicationContext : Root WebApplicationContext: initialization completed in 114 ms
2023-08-27 22:44:25.009  INFO 90048 --- [restartedMain] o.s.b.a.w.s.WelcomePageHandlerMapping    : Adding welcome page: class path resource [static/index.html]
2023-08-27 22:44:25.030  INFO 90048 --- [restartedMain] o.s.b.d.a.OptionalLiveReloadServer       : LiveReload server is running on port 35729
2023-08-27 22:44:25.036  INFO 90048 --- [restartedMain] o.s.b.w.embedded.tomcat.TomcatWebServer  : Tomcat started on port(s): 8080 (http) with context path ''
2023-08-27 22:44:25.040  INFO 90048 --- [restartedMain] s.n.e.springdemo.SpringDemoApplication   : Started SpringDemoApplication in 0.213 seconds (JVM running for 65.445)
2023-08-27 22:44:25.043  INFO 90048 --- [restartedMain] .ConditionEvaluationDeltaLoggingListener : Condition evaluation unchanged
2023-08-27 22:44:32.259  INFO 90048 --- [http-nio-8080-exec-1] o.a.c.c.C.[Tomcat].[localhost].[/]       : Initializing Spring DispatcherServlet 'dispatcherServlet'
2023-08-27 22:44:32.260  INFO 90048 --- [http-nio-8080-exec-1] o.s.web.servlet.DispatcherServlet        : Initializing Servlet 'dispatcherServlet'
2023-08-27 22:44:32.261  INFO 90048 --- [http-nio-8080-exec-1] o.s.web.servlet.DispatcherServlet        : Completed initialization in 1 ms
2023-08-27 22:45:33.494  INFO 90048 --- [File Watcher] rtingClassPathChangeChangedEventListener : Restarting due to 1 class path change (0 additions, 0 deletions, 1 modification)
2023-08-27 22:45:33.506  INFO 90048 --- [Thread-7] o.apache.catalina.core.StandardService   : Stopping service [Tomcat]
2023-08-27 22:45:33.507  INFO 90048 --- [Thread-7] o.a.c.c.C.[Tomcat].[localhost].[/]       : Destroying Spring FrameworkServlet 'dispatcherServlet'
2023-08-27 22:45:33.615  INFO 90048 --- [restartedMain] s.n.e.springdemo.SpringDemoApplication   : Starting SpringDemoApplication using Java 17.0.8 on RJ with PID 90048 (/home/regino_deang/testingfolder/spring-demo/target/classes started by regino_deang in /home/regino_deang/testingfolder/spring-demo)
2023-08-27 22:45:33.616  INFO 90048 --- [restartedMain] s.n.e.springdemo.SpringDemoApplication   : No active profile set, falling back to 1 default profile: "default"
2023-08-27 22:45:33.728  INFO 90048 --- [restartedMain] o.s.b.w.embedded.tomcat.TomcatWebServer  : Tomcat initialized with port(s): 8080 (http)
2023-08-27 22:45:33.729  INFO 90048 --- [restartedMain] o.apache.catalina.core.StandardService   : Starting service [Tomcat]
2023-08-27 22:45:33.729  INFO 90048 --- [restartedMain] org.apache.catalina.core.StandardEngine  : Starting Servlet engine: [Apache Tomcat/9.0.78]
2023-08-27 22:45:33.734  INFO 90048 --- [restartedMain] o.a.c.c.C.[Tomcat].[localhost].[/]       : Initializing Spring embedded WebApplicationContext
2023-08-27 22:45:33.734  INFO 90048 --- [restartedMain] w.s.c.ServletWebServerApplicationContext : Root WebApplicationContext: initialization completed in 114 ms
2023-08-27 22:45:33.765  INFO 90048 --- [restartedMain] o.s.b.a.w.s.WelcomePageHandlerMapping    : Adding welcome page: class path resource [static/index.html]
2023-08-27 22:45:33.779  INFO 90048 --- [restartedMain] o.s.b.d.a.OptionalLiveReloadServer       : LiveReload server is running on port 35729
2023-08-27 22:45:33.785  INFO 90048 --- [restartedMain] o.s.b.w.embedded.tomcat.TomcatWebServer  : Tomcat started on port(s): 8080 (http) with context path ''
2023-08-27 22:45:33.787  INFO 90048 --- [restartedMain] s.n.e.springdemo.SpringDemoApplication   : Started SpringDemoApplication in 0.193 seconds (JVM running for 134.193)
2023-08-27 22:45:33.788  INFO 90048 --- [restartedMain] .ConditionEvaluationDeltaLoggingListener : Condition evaluation unchanged
2023-08-27 22:45:36.904  INFO 90048 --- [http-nio-8080-exec-1] o.a.c.c.C.[Tomcat].[localhost].[/]       : Initializing Spring DispatcherServlet 'dispatcherServlet'
2023-08-27 22:45:36.905  INFO 90048 --- [http-nio-8080-exec-1] o.s.web.servlet.DispatcherServlet        : Initializing Servlet 'dispatcherServlet'
2023-08-27 22:45:36.905  INFO 90048 --- [http-nio-8080-exec-1] o.s.web.servlet.DispatcherServlet        : Completed initialization in 0 ms
2023-08-27 22:47:53.283  INFO 90048 --- [File Watcher] rtingClassPathChangeChangedEventListener : Restarting due to 1 class path change (1 addition, 0 deletions, 0 modifications)
2023-08-27 22:47:53.287  INFO 90048 --- [Thread-11] o.apache.catalina.core.StandardService   : Stopping service [Tomcat]
2023-08-27 22:47:53.287  INFO 90048 --- [Thread-11] o.a.c.c.C.[Tomcat].[localhost].[/]       : Destroying Spring FrameworkServlet 'dispatcherServlet'
2023-08-27 22:47:53.327  INFO 90048 --- [restartedMain] s.n.e.springdemo.SpringDemoApplication   : Starting SpringDemoApplication using Java 17.0.8 on RJ with PID 90048 (/home/regino_deang/testingfolder/spring-demo/target/classes started by regino_deang in /home/regino_deang/testingfolder/spring-demo)
2023-08-27 22:47:53.328  INFO 90048 --- [restartedMain] s.n.e.springdemo.SpringDemoApplication   : No active profile set, falling back to 1 default profile: "default"
2023-08-27 22:47:53.481  INFO 90048 --- [restartedMain] o.s.b.w.embedded.tomcat.TomcatWebServer  : Tomcat initialized with port(s): 8080 (http)
2023-08-27 22:47:53.482  INFO 90048 --- [restartedMain] o.apache.catalina.core.StandardService   : Starting service [Tomcat]
2023-08-27 22:47:53.483  INFO 90048 --- [restartedMain] org.apache.catalina.core.StandardEngine  : Starting Servlet engine: [Apache Tomcat/9.0.78]
2023-08-27 22:47:53.489  INFO 90048 --- [restartedMain] o.a.c.c.C.[Tomcat].[localhost].[/]       : Initializing Spring embedded WebApplicationContext
2023-08-27 22:47:53.493  INFO 90048 --- [restartedMain] w.s.c.ServletWebServerApplicationContext : Root WebApplicationContext: initialization completed in 163 ms
2023-08-27 22:47:53.591  INFO 90048 --- [restartedMain] o.s.b.a.w.s.WelcomePageHandlerMapping    : Adding welcome page: class path resource [static/index.html]
2023-08-27 22:47:53.665  INFO 90048 --- [restartedMain] o.s.b.d.a.OptionalLiveReloadServer       : LiveReload server is running on port 35729
2023-08-27 22:47:53.671  INFO 90048 --- [restartedMain] o.s.b.w.embedded.tomcat.TomcatWebServer  : Tomcat started on port(s): 8080 (http) with context path ''
2023-08-27 22:47:53.674  INFO 90048 --- [restartedMain] s.n.e.springdemo.SpringDemoApplication   : Started SpringDemoApplication in 0.363 seconds (JVM running for 274.08)
2023-08-27 22:47:53.676  INFO 90048 --- [restartedMain] .ConditionEvaluationDeltaLoggingListener : Condition evaluation unchanged
2023-08-27 22:47:59.070  INFO 90048 --- [File Watcher] rtingClassPathChangeChangedEventListener : Restarting due to 1 class path change (0 additions, 0 deletions, 1 modification)
2023-08-27 22:47:59.073  INFO 90048 --- [Thread-15] o.apache.catalina.core.StandardService   : Stopping service [Tomcat]
2023-08-27 22:47:59.205  INFO 90048 --- [restartedMain] s.n.e.springdemo.SpringDemoApplication   : Starting SpringDemoApplication using Java 17.0.8 on RJ with PID 90048 (/home/regino_deang/testingfolder/spring-demo/target/classes started by regino_deang in /home/regino_deang/testingfolder/spring-demo)
2023-08-27 22:47:59.205  INFO 90048 --- [restartedMain] s.n.e.springdemo.SpringDemoApplication   : No active profile set, falling back to 1 default profile: "default"
2023-08-27 22:47:59.295  INFO 90048 --- [restartedMain] o.s.b.w.embedded.tomcat.TomcatWebServer  : Tomcat initialized with port(s): 8080 (http)
2023-08-27 22:47:59.296  INFO 90048 --- [restartedMain] o.apache.catalina.core.StandardService   : Starting service [Tomcat]
2023-08-27 22:47:59.296  INFO 90048 --- [restartedMain] org.apache.catalina.core.StandardEngine  : Starting Servlet engine: [Apache Tomcat/9.0.78]
2023-08-27 22:47:59.299  INFO 90048 --- [restartedMain] o.a.c.c.C.[Tomcat].[localhost].[/]       : Initializing Spring embedded WebApplicationContext
2023-08-27 22:47:59.299  INFO 90048 --- [restartedMain] w.s.c.ServletWebServerApplicationContext : Root WebApplicationContext: initialization completed in 92 ms
2023-08-27 22:47:59.326  INFO 90048 --- [restartedMain] o.s.b.a.w.s.WelcomePageHandlerMapping    : Adding welcome page: class path resource [static/index.html]
2023-08-27 22:47:59.351  INFO 90048 --- [restartedMain] o.s.b.d.a.OptionalLiveReloadServer       : LiveReload server is running on port 35729
2023-08-27 22:47:59.365  INFO 90048 --- [restartedMain] o.s.b.w.embedded.tomcat.TomcatWebServer  : Tomcat started on port(s): 8080 (http) with context path ''
2023-08-27 22:47:59.368  INFO 90048 --- [restartedMain] s.n.e.springdemo.SpringDemoApplication   : Started SpringDemoApplication in 0.202 seconds (JVM running for 279.773)
2023-08-27 22:47:59.370  INFO 90048 --- [restartedMain] .ConditionEvaluationDeltaLoggingListener : Condition evaluation unchanged
2023-08-27 22:48:19.189  INFO 90048 --- [http-nio-8080-exec-2] o.a.c.c.C.[Tomcat].[localhost].[/]       : Initializing Spring DispatcherServlet 'dispatcherServlet'
2023-08-27 22:48:19.190  INFO 90048 --- [http-nio-8080-exec-2] o.s.web.servlet.DispatcherServlet        : Initializing Servlet 'dispatcherServlet'
2023-08-27 22:48:19.190  INFO 90048 --- [http-nio-8080-exec-2] o.s.web.servlet.DispatcherServlet        : Completed initialization in 0 ms
2023-08-27 22:51:29.913  INFO 90048 --- [File Watcher] rtingClassPathChangeChangedEventListener : Restarting due to 1 class path change (0 additions, 0 deletions, 1 modification)
2023-08-27 22:51:29.916  INFO 90048 --- [Thread-19] o.apache.catalina.core.StandardService   : Stopping service [Tomcat]
2023-08-27 22:51:29.916  INFO 90048 --- [Thread-19] o.a.c.c.C.[Tomcat].[localhost].[/]       : Destroying Spring FrameworkServlet 'dispatcherServlet'
2023-08-27 22:51:29.968  INFO 90048 --- [restartedMain] s.n.e.springdemo.SpringDemoApplication   : Starting SpringDemoApplication using Java 17.0.8 on RJ with PID 90048 (/home/regino_deang/testingfolder/spring-demo/target/classes started by regino_deang in /home/regino_deang/testingfolder/spring-demo)
2023-08-27 22:51:29.968  INFO 90048 --- [restartedMain] s.n.e.springdemo.SpringDemoApplication   : No active profile set, falling back to 1 default profile: "default"
2023-08-27 22:51:30.138  INFO 90048 --- [restartedMain] o.s.b.w.embedded.tomcat.TomcatWebServer  : Tomcat initialized with port(s): 8080 (http)
2023-08-27 22:51:30.139  INFO 90048 --- [restartedMain] o.apache.catalina.core.StandardService   : Starting service [Tomcat]
2023-08-27 22:51:30.139  INFO 90048 --- [restartedMain] org.apache.catalina.core.StandardEngine  : Starting Servlet engine: [Apache Tomcat/9.0.78]
2023-08-27 22:51:30.144  INFO 90048 --- [restartedMain] o.a.c.c.C.[Tomcat].[localhost].[/]       : Initializing Spring embedded WebApplicationContext
2023-08-27 22:51:30.144  INFO 90048 --- [restartedMain] w.s.c.ServletWebServerApplicationContext : Root WebApplicationContext: initialization completed in 174 ms
2023-08-27 22:51:30.170  INFO 90048 --- [restartedMain] o.s.b.a.w.s.WelcomePageHandlerMapping    : Adding welcome page: class path resource [static/index.html]
2023-08-27 22:51:30.188  INFO 90048 --- [restartedMain] o.s.b.d.a.OptionalLiveReloadServer       : LiveReload server is running on port 35729
2023-08-27 22:51:30.199  INFO 90048 --- [restartedMain] o.s.b.w.embedded.tomcat.TomcatWebServer  : Tomcat started on port(s): 8080 (http) with context path ''
2023-08-27 22:51:30.203  INFO 90048 --- [restartedMain] s.n.e.springdemo.SpringDemoApplication   : Started SpringDemoApplication in 0.255 seconds (JVM running for 490.609)
2023-08-27 22:51:30.205  INFO 90048 --- [restartedMain] .ConditionEvaluationDeltaLoggingListener : Condition evaluation unchanged
2023-08-27 22:51:32.593  INFO 90048 --- [File Watcher] rtingClassPathChangeChangedEventListener : Restarting due to 1 class path change (0 additions, 0 deletions, 1 modification)
2023-08-27 22:51:32.603  INFO 90048 --- [Thread-23] o.apache.catalina.core.StandardService   : Stopping service [Tomcat]
2023-08-27 22:51:32.746  INFO 90048 --- [restartedMain] s.n.e.springdemo.SpringDemoApplication   : Starting SpringDemoApplication using Java 17.0.8 on RJ with PID 90048 (/home/regino_deang/testingfolder/spring-demo/target/classes started by regino_deang in /home/regino_deang/testingfolder/spring-demo)
2023-08-27 22:51:32.747  INFO 90048 --- [restartedMain] s.n.e.springdemo.SpringDemoApplication   : No active profile set, falling back to 1 default profile: "default"
2023-08-27 22:51:32.816  INFO 90048 --- [restartedMain] o.s.b.w.embedded.tomcat.TomcatWebServer  : Tomcat initialized with port(s): 8080 (http)
2023-08-27 22:51:32.817  INFO 90048 --- [restartedMain] o.apache.catalina.core.StandardService   : Starting service [Tomcat]
2023-08-27 22:51:32.817  INFO 90048 --- [restartedMain] org.apache.catalina.core.StandardEngine  : Starting Servlet engine: [Apache Tomcat/9.0.78]
2023-08-27 22:51:32.821  INFO 90048 --- [restartedMain] o.a.c.c.C.[Tomcat].[localhost].[/]       : Initializing Spring embedded WebApplicationContext
2023-08-27 22:51:32.821  INFO 90048 --- [restartedMain] w.s.c.ServletWebServerApplicationContext : Root WebApplicationContext: initialization completed in 73 ms
2023-08-27 22:51:32.852  INFO 90048 --- [restartedMain] o.s.b.a.w.s.WelcomePageHandlerMapping    : Adding welcome page: class path resource [static/index.html]
2023-08-27 22:51:32.877  INFO 90048 --- [restartedMain] o.s.b.d.a.OptionalLiveReloadServer       : LiveReload server is running on port 35729
2023-08-27 22:51:32.881  INFO 90048 --- [restartedMain] o.s.b.w.embedded.tomcat.TomcatWebServer  : Tomcat started on port(s): 8080 (http) with context path ''
2023-08-27 22:51:32.884  INFO 90048 --- [restartedMain] s.n.e.springdemo.SpringDemoApplication   : Started SpringDemoApplication in 0.183 seconds (JVM running for 493.29)
2023-08-27 22:51:32.885  INFO 90048 --- [restartedMain] .ConditionEvaluationDeltaLoggingListener : Condition evaluation unchanged
2023-08-27 22:51:49.289  INFO 90048 --- [File Watcher] rtingClassPathChangeChangedEventListener : Restarting due to 1 class path change (0 additions, 0 deletions, 1 modification)
2023-08-27 22:51:49.291  INFO 90048 --- [Thread-27] o.apache.catalina.core.StandardService   : Stopping service [Tomcat]
2023-08-27 22:51:49.342  INFO 90048 --- [restartedMain] s.n.e.springdemo.SpringDemoApplication   : Starting SpringDemoApplication using Java 17.0.8 on RJ with PID 90048 (/home/regino_deang/testingfolder/spring-demo/target/classes started by regino_deang in /home/regino_deang/testingfolder/spring-demo)
2023-08-27 22:51:49.343  INFO 90048 --- [restartedMain] s.n.e.springdemo.SpringDemoApplication   : No active profile set, falling back to 1 default profile: "default"
2023-08-27 22:51:49.501  INFO 90048 --- [restartedMain] o.s.b.w.embedded.tomcat.TomcatWebServer  : Tomcat initialized with port(s): 8080 (http)
2023-08-27 22:51:49.501  INFO 90048 --- [restartedMain] o.apache.catalina.core.StandardService   : Starting service [Tomcat]
2023-08-27 22:51:49.502  INFO 90048 --- [restartedMain] org.apache.catalina.core.StandardEngine  : Starting Servlet engine: [Apache Tomcat/9.0.78]
2023-08-27 22:51:49.504  INFO 90048 --- [restartedMain] o.a.c.c.C.[Tomcat].[localhost].[/]       : Initializing Spring embedded WebApplicationContext
2023-08-27 22:51:49.505  INFO 90048 --- [restartedMain] w.s.c.ServletWebServerApplicationContext : Root WebApplicationContext: initialization completed in 161 ms
2023-08-27 22:51:49.527  INFO 90048 --- [restartedMain] o.s.b.a.w.s.WelcomePageHandlerMapping    : Adding welcome page: class path resource [static/index.html]
2023-08-27 22:51:49.543  INFO 90048 --- [restartedMain] o.s.b.d.a.OptionalLiveReloadServer       : LiveReload server is running on port 35729
2023-08-27 22:51:49.547  INFO 90048 --- [restartedMain] o.s.b.w.embedded.tomcat.TomcatWebServer  : Tomcat started on port(s): 8080 (http) with context path ''
2023-08-27 22:51:49.550  INFO 90048 --- [restartedMain] s.n.e.springdemo.SpringDemoApplication   : Started SpringDemoApplication in 0.237 seconds (JVM running for 509.955)
2023-08-27 22:51:49.551  INFO 90048 --- [restartedMain] .ConditionEvaluationDeltaLoggingListener : Condition evaluation unchanged
2023-08-27 22:51:53.483  INFO 90048 --- [http-nio-8080-exec-2] o.a.c.c.C.[Tomcat].[localhost].[/]       : Initializing Spring DispatcherServlet 'dispatcherServlet'
2023-08-27 22:51:53.484  INFO 90048 --- [http-nio-8080-exec-2] o.s.web.servlet.DispatcherServlet        : Initializing Servlet 'dispatcherServlet'
2023-08-27 22:51:53.484  INFO 90048 --- [http-nio-8080-exec-2] o.s.web.servlet.DispatcherServlet        : Completed initialization in 0 ms
2023-08-27 22:52:10.960  INFO 90048 --- [File Watcher] rtingClassPathChangeChangedEventListener : Restarting due to 1 class path change (0 additions, 0 deletions, 1 modification)
2023-08-27 22:52:10.962  INFO 90048 --- [Thread-31] o.apache.catalina.core.StandardService   : Stopping service [Tomcat]
2023-08-27 22:52:10.962  INFO 90048 --- [Thread-31] o.a.c.c.C.[Tomcat].[localhost].[/]       : Destroying Spring FrameworkServlet 'dispatcherServlet'
2023-08-27 22:52:11.022  INFO 90048 --- [restartedMain] s.n.e.springdemo.SpringDemoApplication   : Starting SpringDemoApplication using Java 17.0.8 on RJ with PID 90048 (/home/regino_deang/testingfolder/spring-demo/target/classes started by regino_deang in /home/regino_deang/testingfolder/spring-demo)
2023-08-27 22:52:11.022  INFO 90048 --- [restartedMain] s.n.e.springdemo.SpringDemoApplication   : No active profile set, falling back to 1 default profile: "default"
2023-08-27 22:52:11.105  INFO 90048 --- [restartedMain] o.s.b.w.embedded.tomcat.TomcatWebServer  : Tomcat initialized with port(s): 8080 (http)
2023-08-27 22:52:11.106  INFO 90048 --- [restartedMain] o.apache.catalina.core.StandardService   : Starting service [Tomcat]
2023-08-27 22:52:11.106  INFO 90048 --- [restartedMain] org.apache.catalina.core.StandardEngine  : Starting Servlet engine: [Apache Tomcat/9.0.78]
2023-08-27 22:52:11.110  INFO 90048 --- [restartedMain] o.a.c.c.C.[Tomcat].[localhost].[/]       : Initializing Spring embedded WebApplicationContext
2023-08-27 22:52:11.111  INFO 90048 --- [restartedMain] w.s.c.ServletWebServerApplicationContext : Root WebApplicationContext: initialization completed in 87 ms
2023-08-27 22:52:11.132  INFO 90048 --- [restartedMain] o.s.b.a.w.s.WelcomePageHandlerMapping    : Adding welcome page: class path resource [static/index.html]
2023-08-27 22:52:11.148  INFO 90048 --- [restartedMain] o.s.b.d.a.OptionalLiveReloadServer       : LiveReload server is running on port 35729
2023-08-27 22:52:11.152  INFO 90048 --- [restartedMain] o.s.b.w.embedded.tomcat.TomcatWebServer  : Tomcat started on port(s): 8080 (http) with context path ''
2023-08-27 22:52:11.156  INFO 90048 --- [restartedMain] s.n.e.springdemo.SpringDemoApplication   : Started SpringDemoApplication in 0.155 seconds (JVM running for 531.562)
2023-08-27 22:52:11.158  INFO 90048 --- [restartedMain] .ConditionEvaluationDeltaLoggingListener : Condition evaluation unchanged
2023-08-27 22:52:27.943  INFO 99787 --- [restartedMain] s.n.e.springdemo.SpringDemoApplication   : Starting SpringDemoApplication using Java 17.0.8 on RJ with PID 99787 (/home/regino_deang/testingfolder/spring-demo/target/classes started by regino_deang in /home/regino_deang/testingfolder/spring-demo)
2023-08-27 22:52:27.944  INFO 99787 --- [restartedMain] s.n.e.springdemo.SpringDemoApplication   : No active profile set, falling back to 1 default profile: "default"
2023-08-27 22:52:27.983  INFO 99787 --- [restartedMain] .e.DevToolsPropertyDefaultsPostProcessor : Devtools property defaults active! Set 'spring.devtools.add-properties' to 'false' to disable
2023-08-27 22:52:27.983  INFO 99787 --- [restartedMain] .e.DevToolsPropertyDefaultsPostProcessor : For additional web related logging consider setting the 'logging.level.web' property to 'DEBUG'
2023-08-27 22:52:28.480  INFO 99787 --- [restartedMain] o.s.b.w.embedded.tomcat.TomcatWebServer  : Tomcat initialized with port(s): 8080 (http)
2023-08-27 22:52:28.486  INFO 99787 --- [restartedMain] o.apache.catalina.core.StandardService   : Starting service [Tomcat]
2023-08-27 22:52:28.486  INFO 99787 --- [restartedMain] org.apache.catalina.core.StandardEngine  : Starting Servlet engine: [Apache Tomcat/9.0.78]
2023-08-27 22:52:28.530  INFO 99787 --- [restartedMain] o.a.c.c.C.[Tomcat].[localhost].[/]       : Initializing Spring embedded WebApplicationContext
2023-08-27 22:52:28.531  INFO 99787 --- [restartedMain] w.s.c.ServletWebServerApplicationContext : Root WebApplicationContext: initialization completed in 548 ms
2023-08-27 22:52:28.659  INFO 99787 --- [restartedMain] o.s.b.a.w.s.WelcomePageHandlerMapping    : Adding welcome page: class path resource [static/index.html]
2023-08-27 22:52:28.735  INFO 99787 --- [restartedMain] o.s.b.d.a.OptionalLiveReloadServer       : LiveReload server is running on port 35729
2023-08-27 22:52:28.757  INFO 99787 --- [restartedMain] o.s.b.w.embedded.tomcat.TomcatWebServer  : Tomcat started on port(s): 8080 (http) with context path ''
2023-08-27 22:52:28.765  INFO 99787 --- [restartedMain] s.n.e.springdemo.SpringDemoApplication   : Started SpringDemoApplication in 1.057 seconds (JVM running for 1.263)
2023-08-27 22:52:49.699  INFO 99787 --- [http-nio-8080-exec-2] o.a.c.c.C.[Tomcat].[localhost].[/]       : Initializing Spring DispatcherServlet 'dispatcherServlet'
2023-08-27 22:52:49.699  INFO 99787 --- [http-nio-8080-exec-2] o.s.web.servlet.DispatcherServlet        : Initializing Servlet 'dispatcherServlet'
2023-08-27 22:52:49.700  INFO 99787 --- [http-nio-8080-exec-2] o.s.web.servlet.DispatcherServlet        : Completed initialization in 1 ms
2023-08-27 22:53:38.196  INFO 99787 --- [File Watcher] rtingClassPathChangeChangedEventListener : Restarting due to 2 class path changes (1 addition, 1 deletion, 0 modifications)
2023-08-27 22:53:38.202  INFO 99787 --- [Thread-5] o.apache.catalina.core.StandardService   : Stopping service [Tomcat]
2023-08-27 22:53:38.203  INFO 99787 --- [Thread-5] o.a.c.c.C.[Tomcat].[localhost].[/]       : Destroying Spring FrameworkServlet 'dispatcherServlet'
2023-08-27 22:53:38.252  INFO 99787 --- [restartedMain] s.n.e.springdemo.SpringDemoApplication   : Starting SpringDemoApplication using Java 17.0.8 on RJ with PID 99787 (/home/regino_deang/testingfolder/spring-demo/target/classes started by regino_deang in /home/regino_deang/testingfolder/spring-demo)
2023-08-27 22:53:38.252  INFO 99787 --- [restartedMain] s.n.e.springdemo.SpringDemoApplication   : No active profile set, falling back to 1 default profile: "default"
2023-08-27 22:53:38.370  INFO 99787 --- [restartedMain] o.s.b.w.embedded.tomcat.TomcatWebServer  : Tomcat initialized with port(s): 8080 (http)
2023-08-27 22:53:38.371  INFO 99787 --- [restartedMain] o.apache.catalina.core.StandardService   : Starting service [Tomcat]
2023-08-27 22:53:38.371  INFO 99787 --- [restartedMain] org.apache.catalina.core.StandardEngine  : Starting Servlet engine: [Apache Tomcat/9.0.78]
2023-08-27 22:53:38.375  INFO 99787 --- [restartedMain] o.a.c.c.C.[Tomcat].[localhost].[/]       : Initializing Spring embedded WebApplicationContext
2023-08-27 22:53:38.375  INFO 99787 --- [restartedMain] w.s.c.ServletWebServerApplicationContext : Root WebApplicationContext: initialization completed in 120 ms
2023-08-27 22:53:38.380  WARN 99787 --- [restartedMain] ConfigServletWebServerApplicationContext : Exception encountered during context initialization - cancelling refresh attempt: org.springframework.beans.factory.BeanCreationException: Error creating bean with name 'assignmentProduct' defined in file [/home/regino_deang/testingfolder/spring-demo/target/classes/sg/ntu/edu/springdemo/AssignmentProduct.class]: Instantiation of bean failed; nested exception is org.springframework.beans.BeanInstantiationException: Failed to instantiate [sg.ntu.edu.springdemo.AssignmentProduct]: Constructor threw exception; nested exception is java.lang.Error: Unresolved compilation problem: 
	The public type AssignmentProduct must be defined in its own file

2023-08-27 22:53:38.380  INFO 99787 --- [restartedMain] o.apache.catalina.core.StandardService   : Stopping service [Tomcat]
2023-08-27 22:53:38.386  INFO 99787 --- [restartedMain] ConditionEvaluationReportLoggingListener : 

Error starting ApplicationContext. To display the conditions report re-run your application with 'debug' enabled.
2023-08-27 22:53:38.402 ERROR 99787 --- [restartedMain] o.s.boot.SpringApplication               : Application run failed

org.springframework.beans.factory.BeanCreationException: Error creating bean with name 'assignmentProduct' defined in file [/home/regino_deang/testingfolder/spring-demo/target/classes/sg/ntu/edu/springdemo/AssignmentProduct.class]: Instantiation of bean failed; nested exception is org.springframework.beans.BeanInstantiationException: Failed to instantiate [sg.ntu.edu.springdemo.AssignmentProduct]: Constructor threw exception; nested exception is java.lang.Error: Unresolved compilation problem: 
	The public type AssignmentProduct must be defined in its own file

	at org.springframework.beans.factory.support.AbstractAutowireCapableBeanFactory.instantiateBean(AbstractAutowireCapableBeanFactory.java:1334) ~[spring-beans-5.3.29.jar:5.3.29]
	at org.springframework.beans.factory.support.AbstractAutowireCapableBeanFactory.createBeanInstance(AbstractAutowireCapableBeanFactory.java:1232) ~[spring-beans-5.3.29.jar:5.3.29]
	at org.springframework.beans.factory.support.AbstractAutowireCapableBeanFactory.doCreateBean(AbstractAutowireCapableBeanFactory.java:582) ~[spring-beans-5.3.29.jar:5.3.29]
	at org.springframework.beans.factory.support.AbstractAutowireCapableBeanFactory.createBean(AbstractAutowireCapableBeanFactory.java:542) ~[spring-beans-5.3.29.jar:5.3.29]
	at org.springframework.beans.factory.support.AbstractBeanFactory.lambda$doGetBean$0(AbstractBeanFactory.java:335) ~[spring-beans-5.3.29.jar:5.3.29]
	at org.springframework.beans.factory.support.DefaultSingletonBeanRegistry.getSingleton(DefaultSingletonBeanRegistry.java:234) ~[spring-beans-5.3.29.jar:5.3.29]
	at org.springframework.beans.factory.support.AbstractBeanFactory.doGetBean(AbstractBeanFactory.java:333) ~[spring-beans-5.3.29.jar:5.3.29]
	at org.springframework.beans.factory.support.AbstractBeanFactory.getBean(AbstractBeanFactory.java:208) ~[spring-beans-5.3.29.jar:5.3.29]
	at org.springframework.beans.factory.support.DefaultListableBeanFactory.preInstantiateSingletons(DefaultListableBeanFactory.java:955) ~[spring-beans-5.3.29.jar:5.3.29]
	at org.springframework.context.support.AbstractApplicationContext.finishBeanFactoryInitialization(AbstractApplicationContext.java:921) ~[spring-context-5.3.29.jar:5.3.29]
	at org.springframework.context.support.AbstractApplicationContext.refresh(AbstractApplicationContext.java:583) ~[spring-context-5.3.29.jar:5.3.29]
	at org.springframework.boot.web.servlet.context.ServletWebServerApplicationContext.refresh(ServletWebServerApplicationContext.java:147) ~[spring-boot-2.7.14.jar:2.7.14]
	at org.springframework.boot.SpringApplication.refresh(SpringApplication.java:731) ~[spring-boot-2.7.14.jar:2.7.14]
	at org.springframework.boot.SpringApplication.refreshContext(SpringApplication.java:408) ~[spring-boot-2.7.14.jar:2.7.14]
	at org.springframework.boot.SpringApplication.run(SpringApplication.java:307) ~[spring-boot-2.7.14.jar:2.7.14]
	at org.springframework.boot.SpringApplication.run(SpringApplication.java:1303) ~[spring-boot-2.7.14.jar:2.7.14]
	at org.springframework.boot.SpringApplication.run(SpringApplication.java:1292) ~[spring-boot-2.7.14.jar:2.7.14]
	at sg.ntu.edu.springdemo.SpringDemoApplication.main(SpringDemoApplication.java:13) ~[classes/:na]
	at java.base/jdk.internal.reflect.NativeMethodAccessorImpl.invoke0(Native Method) ~[na:na]
	at java.base/jdk.internal.reflect.NativeMethodAccessorImpl.invoke(NativeMethodAccessorImpl.java:77) ~[na:na]
	at java.base/jdk.internal.reflect.DelegatingMethodAccessorImpl.invoke(DelegatingMethodAccessorImpl.java:43) ~[na:na]
	at java.base/java.lang.reflect.Method.invoke(Method.java:568) ~[na:na]
	at org.springframework.boot.devtools.restart.RestartLauncher.run(RestartLauncher.java:50) ~[spring-boot-devtools-2.7.14.jar:2.7.14]
Caused by: org.springframework.beans.BeanInstantiationException: Failed to instantiate [sg.ntu.edu.springdemo.AssignmentProduct]: Constructor threw exception; nested exception is java.lang.Error: Unresolved compilation problem: 
	The public type AssignmentProduct must be defined in its own file

	at org.springframework.beans.BeanUtils.instantiateClass(BeanUtils.java:224) ~[spring-beans-5.3.29.jar:5.3.29]
	at org.springframework.beans.factory.support.SimpleInstantiationStrategy.instantiate(SimpleInstantiationStrategy.java:87) ~[spring-beans-5.3.29.jar:5.3.29]
	at org.springframework.beans.factory.support.AbstractAutowireCapableBeanFactory.instantiateBean(AbstractAutowireCapableBeanFactory.java:1326) ~[spring-beans-5.3.29.jar:5.3.29]
	... 22 common frames omitted
Caused by: java.lang.Error: Unresolved compilation problem: 
	The public type AssignmentProduct must be defined in its own file

	at sg.ntu.edu.springdemo.AssignmentProduct.<init>(ProductController.java:10) ~[classes/:na]
	at java.base/jdk.internal.reflect.NativeConstructorAccessorImpl.newInstance0(Native Method) ~[na:na]
	at java.base/jdk.internal.reflect.NativeConstructorAccessorImpl.newInstance(NativeConstructorAccessorImpl.java:77) ~[na:na]
	at java.base/jdk.internal.reflect.DelegatingConstructorAccessorImpl.newInstance(DelegatingConstructorAccessorImpl.java:45) ~[na:na]
	at java.base/java.lang.reflect.Constructor.newInstanceWithCaller(Constructor.java:499) ~[na:na]
	at java.base/java.lang.reflect.Constructor.newInstance(Constructor.java:480) ~[na:na]
	at org.springframework.beans.BeanUtils.instantiateClass(BeanUtils.java:211) ~[spring-beans-5.3.29.jar:5.3.29]
	... 24 common frames omitted

2023-08-27 22:54:00.246  INFO 99787 --- [restartedMain] s.n.e.springdemo.SpringDemoApplication   : Starting SpringDemoApplication using Java 17.0.8 on RJ with PID 99787 (/home/regino_deang/testingfolder/spring-demo/target/classes started by regino_deang in /home/regino_deang/testingfolder/spring-demo)
2023-08-27 22:54:00.246  INFO 99787 --- [restartedMain] s.n.e.springdemo.SpringDemoApplication   : No active profile set, falling back to 1 default profile: "default"
2023-08-27 22:54:00.343  INFO 99787 --- [restartedMain] o.s.b.w.embedded.tomcat.TomcatWebServer  : Tomcat initialized with port(s): 8080 (http)
2023-08-27 22:54:00.344  INFO 99787 --- [restartedMain] o.apache.catalina.core.StandardService   : Starting service [Tomcat]
2023-08-27 22:54:00.344  INFO 99787 --- [restartedMain] org.apache.catalina.core.StandardEngine  : Starting Servlet engine: [Apache Tomcat/9.0.78]
2023-08-27 22:54:00.349  INFO 99787 --- [restartedMain] o.a.c.c.C.[Tomcat-1].[localhost].[/]     : Initializing Spring embedded WebApplicationContext
2023-08-27 22:54:00.350  INFO 99787 --- [restartedMain] w.s.c.ServletWebServerApplicationContext : Root WebApplicationContext: initialization completed in 102 ms
2023-08-27 22:54:00.408  INFO 99787 --- [restartedMain] o.s.b.a.w.s.WelcomePageHandlerMapping    : Adding welcome page: class path resource [static/index.html]
2023-08-27 22:54:00.427  INFO 99787 --- [restartedMain] o.s.b.d.a.OptionalLiveReloadServer       : LiveReload server is running on port 35729
2023-08-27 22:54:00.433  INFO 99787 --- [restartedMain] o.s.b.w.embedded.tomcat.TomcatWebServer  : Tomcat started on port(s): 8080 (http) with context path ''
2023-08-27 22:54:00.435  INFO 99787 --- [restartedMain] s.n.e.springdemo.SpringDemoApplication   : Started SpringDemoApplication in 0.204 seconds (JVM running for 92.932)
2023-08-27 22:54:00.436  INFO 99787 --- [restartedMain] .ConditionEvaluationDeltaLoggingListener : Condition evaluation unchanged
2023-08-27 22:54:18.555  INFO 101793 --- [restartedMain] s.n.e.springdemo.SpringDemoApplication   : Starting SpringDemoApplication using Java 17.0.8 on RJ with PID 101793 (/home/regino_deang/testingfolder/spring-demo/target/classes started by regino_deang in /home/regino_deang/testingfolder/spring-demo)
2023-08-27 22:54:18.556  INFO 101793 --- [restartedMain] s.n.e.springdemo.SpringDemoApplication   : No active profile set, falling back to 1 default profile: "default"
2023-08-27 22:54:18.592  INFO 101793 --- [restartedMain] .e.DevToolsPropertyDefaultsPostProcessor : Devtools property defaults active! Set 'spring.devtools.add-properties' to 'false' to disable
2023-08-27 22:54:18.592  INFO 101793 --- [restartedMain] .e.DevToolsPropertyDefaultsPostProcessor : For additional web related logging consider setting the 'logging.level.web' property to 'DEBUG'
2023-08-27 22:54:19.311  INFO 101793 --- [restartedMain] o.s.b.w.embedded.tomcat.TomcatWebServer  : Tomcat initialized with port(s): 8080 (http)
2023-08-27 22:54:19.322  INFO 101793 --- [restartedMain] o.apache.catalina.core.StandardService   : Starting service [Tomcat]
2023-08-27 22:54:19.323  INFO 101793 --- [restartedMain] org.apache.catalina.core.StandardEngine  : Starting Servlet engine: [Apache Tomcat/9.0.78]
2023-08-27 22:54:19.394  INFO 101793 --- [restartedMain] o.a.c.c.C.[Tomcat].[localhost].[/]       : Initializing Spring embedded WebApplicationContext
2023-08-27 22:54:19.395  INFO 101793 --- [restartedMain] w.s.c.ServletWebServerApplicationContext : Root WebApplicationContext: initialization completed in 803 ms
2023-08-27 22:54:19.595  INFO 101793 --- [restartedMain] o.s.b.a.w.s.WelcomePageHandlerMapping    : Adding welcome page: class path resource [static/index.html]
2023-08-27 22:54:19.668  INFO 101793 --- [restartedMain] o.s.b.d.a.OptionalLiveReloadServer       : LiveReload server is running on port 35729
2023-08-27 22:54:19.693  INFO 101793 --- [restartedMain] o.s.b.w.embedded.tomcat.TomcatWebServer  : Tomcat started on port(s): 8080 (http) with context path ''
2023-08-27 22:54:19.700  INFO 101793 --- [restartedMain] s.n.e.springdemo.SpringDemoApplication   : Started SpringDemoApplication in 1.395 seconds (JVM running for 1.6)
2023-08-27 22:54:24.282  INFO 101793 --- [http-nio-8080-exec-1] o.a.c.c.C.[Tomcat].[localhost].[/]       : Initializing Spring DispatcherServlet 'dispatcherServlet'
2023-08-27 22:54:24.282  INFO 101793 --- [http-nio-8080-exec-1] o.s.web.servlet.DispatcherServlet        : Initializing Servlet 'dispatcherServlet'
2023-08-27 22:54:24.283  INFO 101793 --- [http-nio-8080-exec-1] o.s.web.servlet.DispatcherServlet        : Completed initialization in 1 ms
